<?xml version="1.0" encoding="UTF-8"?>
<!-- Generated by org.testng.reporters.JUnitReportReporter -->
<testsuite skipped="0" hostname="Latitude-3490" name="com.qa.test.DemoTest" tests="2" failures="0" timestamp="15 Jul 2020 11:05:12 GMT" time="0.007" errors="0">
  <testcase name="sum" time="0.000" classname="com.qa.test.DemoTest"/>
  <testcase name="minus" time="0.007" classname="com.qa.test.DemoTest"/>
</testsuite> <!-- com.qa.test.DemoTest -->
